chat TOPIC "" "Welcome to NINJAM. Please play nicely."
interval 1 115.00 4
local 8f32aaafc3efbd46428586266f787797 0
interval 2 115.00 4
local 7609ee39b66b5e595d3d63362b87a9c6 0
interval 3 115.00 4
local c9277b2499fcff93c75b4e5c2f81f0c6 0
interval 4 115.00 4
local 2fcd5f49f4c3de3017c71bab0980e25d 0
interval 5 115.00 4
local ac5e5b0fe587716389b81261281dd65e 0
interval 6 115.00 4
local 46c9818895e7e3c64f3ad7eab4afa3c7 0
interval 7 115.00 4
local 59458dbc4bd1cf4fd120dbee255e2345 0
interval 8 115.00 4
local b4c0a2f3d49eaed3a13c37deef663a73 0
interval 9 115.00 4
local 5c5a188ee2e1e2d7fcdce526d4169d27 0
interval 10 115.00 4
local ffa7310876167f24d7504b9e7eb474c1 0
interval 11 115.00 4
local 995ed380edcae765005185b79d276bea 0
interval 12 115.00 4
local 11468090a366c01a171d9010a75ee9e1 0
interval 13 115.00 4
local 214bff6ede794848bec1858a5d31d117 0
interval 14 115.00 4
local 62fa2e9fdf4af63f148ccf3aee52c910 0
interval 15 115.00 4
local 3ba5d99cb27b53cca6947d542701a1a2 0
interval 16 115.00 4
local 7bbf4dcc5f47ed918e6d7f96e879e096 0
interval 17 115.00 4
local 79819e0d136da57580f10db3142c0233 0
interval 18 115.00 4
local 18a1242e347592ecf91637b40fcba18e 0
interval 19 115.00 4
local 8ad588e8541e17d8440411f3ef1c9af1 0
interval 20 115.00 4
local 4da31d9366c8a00ac16c8cd3da82b554 0
interval 21 115.00 4
local acc0e0622749bd14e99c77b82326ba96 0
interval 22 115.00 4
local 07ca43378e22a9d77053428e137155eb 0
interval 23 115.00 4
local fce5e6a700df9c36fa471cff57844380 0
interval 24 115.00 4
local 916016f737dd1c9ee56c8048ea58ae98 0
interval 25 115.00 4
local 27637169f33002820edc95ff5b69eaa0 0
interval 26 115.00 4
local 30541cea70672ff8b4e918facae06571 0
interval 27 115.00 4
local 763b8ffa5b66123d490c655a175118e5 0
interval 28 115.00 4
local c8a34abede7a93cca788830ffb3d29c8 0
interval 29 115.00 4
local e9e7ab6c54ba0f3b461389d0c7a41f41 0
interval 30 115.00 4
local 2c4fb3149658ca7b1e810b87ad31e5a5 0
interval 31 115.00 4
local faba28317320511e75886c3b9bd931a0 0
end
