chat TOPIC "" "Welcome to NINJAM. Please play nicely."
interval 1 115.00 4
local d4b415a16ac9d09a6b4f4365fcf8184e 0
interval 2 115.00 4
local 3daf78b67e83d0463e0ef935725a23a8 0
interval 3 115.00 4
local fa8a5626021917c05f8c9ae7e07a3b7e 0
interval 4 115.00 4
local 6a9fa1297e1736975ae1333f8f053bda 0
interval 5 115.00 4
local 632d434d99bc995bac001f3c5e5201f0 0
interval 6 115.00 4
local 704e664f1b9d4c97062bc789ec1554e3 0
interval 7 115.00 4
local 060b701ea1496ad97d8a24ece5865102 0
interval 8 115.00 4
local f79e1422b18229b1261b1c8ffb0dc72c 0
interval 9 115.00 4
local d892b6d8b1332b77b0ebf89ec7f6ec8e 0
interval 10 115.00 4
local 6414417cf48e2a7d0ab5bafdce022e59 0
interval 11 115.00 4
local 41e4351d85e255147ec44a05c1e5e9a2 0
interval 12 115.00 4
local aa8e11666f1f557c6f6192f370b7f2a1 0
interval 13 115.00 4
local 7c35b302c70d34fd5dfb0817c018461e 0
interval 14 115.00 4
local 5eccf034fb116d718b5f7873d462cf4c 0
interval 15 115.00 4
local 973d7627b74ed3fb3ed14b3e5c38dfa4 0
interval 16 115.00 4
local 572dfbe299aa4f9128d54802d00439fe 0
interval 17 115.00 4
local 4d5c33524668e184d64790cf0c9e7bfc 0
interval 18 115.00 4
local 6f28172163b37dd3bc346f3e4e51b717 0
interval 19 115.00 4
local 74851405b40e7e76776e19e3f25f4c8f 0
interval 20 115.00 4
local 3349e1e3784c512b83143fa94f2a731c 0
interval 21 115.00 4
local 23ebc70c61e08917e1860b1300d2ffe3 0
interval 22 115.00 4
local f15f501f9ea53a1471f41617cf5a2aeb 0
interval 23 115.00 4
local 420f7e4eb85def174760b4993e77a8c9 0
interval 24 115.00 4
local 01afbe259589f8c42dcfaa30f90dcf4d 0
interval 25 115.00 4
local f6ab15ac3eee0bbe635dc284bb8d6c23 0
interval 26 115.00 4
local 13120136c0934101e1039b13d7bf535d 0
interval 27 115.00 4
local 7b5624eba52e9e9f8e699e13943b4df0 0
end
